\BOOKMARK [0][-]{chapter.1}{\376\377\000D\000a\000t\000a\000B\000a\000s\000e\000\040\000N\000o\000S\000Q\000L}{}% 1
\BOOKMARK [1][-]{section.1.1}{\376\377\000P\000e\000r\000c\000h\000e\000\040\000\351\000\040\000n\000a\000t\000o\000?}{chapter.1}% 2
\BOOKMARK [1][-]{section.1.2}{\376\377\000P\000e\000r\000c\000h\000\351\000\040\000u\000t\000i\000l\000i\000z\000z\000a\000r\000e\000\040\000u\000n\000\040\000d\000a\000t\000a\000b\000a\000s\000e\000\040\000N\000o\000S\000Q\000L\000?}{chapter.1}% 3
\BOOKMARK [2][-]{subsection.1.2.1}{\376\377\000V\000a\000n\000t\000a\000g\000g\000i}{section.1.2}% 4
\BOOKMARK [2][-]{subsection.1.2.2}{\376\377\000L\000i\000m\000i\000t\000i}{section.1.2}% 5
\BOOKMARK [1][-]{section.1.3}{\376\377\000T\000i\000p\000o\000l\000o\000g\000i\000e}{chapter.1}% 6
\BOOKMARK [0][-]{chapter.2}{\376\377\000P\000r\000o\000g\000e\000t\000t\000a\000z\000i\000o\000n\000e\000\040\000C\000o\000n\000c\000e\000t\000t\000u\000a\000l\000e\000/\000L\000o\000g\000i\000c\000a}{}% 7
\BOOKMARK [1][-]{section.2.1}{\376\377\000M\000o\000d\000e\000l\000l\000a\000z\000i\000o\000n\000e\000\040\000N\000o\000A\000M\000\040\000\040\000N\000o\000S\000Q\000L\000\040\000a\000b\000s\000t\000r\000a\000c\000t\000\040\000m\000o\000d\000e\000l}{chapter.2}% 8
\BOOKMARK [2][-]{subsection.2.1.1}{\376\377\000M\000o\000d\000e\000l\000l\000a\000z\000i\000o\000n\000e\000\040\000C\000o\000n\000c\000e\000t\000t\000u\000a\000l\000e\000\040\000e\000\040\000d\000e\000s\000i\000g\000n\000\040\000d\000e\000g\000l\000i\000\040\000A\000g\000g\000r\000e\000g\000a\000t\000i}{section.2.1}% 9
\BOOKMARK [2][-]{subsection.2.1.2}{\376\377\000P\000a\000r\000t\000i\000z\000i\000o\000n\000a\000m\000e\000n\000t\000o\000\040\000d\000e\000g\000l\000i\000\040\000A\000g\000g\000r\000e\000g\000a\000t\000i\000\040\000e\000\040\000m\000o\000d\000e\000l\000l\000a\000z\000i\000o\000n\000e\000\040\000N\000o\000S\000Q\000L}{section.2.1}% 10
\BOOKMARK [2][-]{subsection.2.1.3}{\376\377\000I\000m\000p\000l\000e\000m\000e\000n\000t\000a\000z\000i\000o\000n\000e}{section.2.1}% 11
\BOOKMARK [0][-]{chapter.3}{\376\377\000R\000e\000d\000i\000s\000\040\000\040\000R\000e\000m\000o\000t\000e\000\040\000D\000i\000c\000t\000i\000o\000n\000a\000r\000y\000\040\000S\000e\000r\000v\000e\000r}{}% 12
\BOOKMARK [1][-]{section.3.1}{\376\377\000C\000a\000r\000a\000t\000t\000e\000r\000i\000s\000t\000i\000c\000h\000e}{chapter.3}% 13
\BOOKMARK [2][-]{subsection.3.1.1}{\376\377\000S\000t\000r\000u\000t\000t\000u\000r\000e\000\040\000D\000a\000t\000i}{section.3.1}% 14
\BOOKMARK [2][-]{subsection.3.1.2}{\376\377\000C\000o\000n\000f\000r\000o\000n\000t\000o\000\040\000c\000o\000n\000\040\000p\000r\000o\000p\000r\000i\000e\000t\000\341\000\040\000A\000C\000I\000D}{section.3.1}% 15
\BOOKMARK [2][-]{subsection.3.1.3}{\376\377\000A\000m\000b\000i\000t\000i\000\040\000d\000i\000\040\000u\000t\000i\000l\000i\000z\000z\000o}{section.3.1}% 16
\BOOKMARK [2][-]{subsection.3.1.4}{\376\377\000s\000i\000s\000t\000e\000m\000a\000\040\000d\000i\000s\000t\000r\000i\000b\000u\000i\000t\000o}{section.3.1}% 17
\BOOKMARK [0][-]{chapter.4}{\376\377\000I\000n\000t\000e\000r\000r\000o\000g\000a\000z\000i\000o\000n\000i\000\040\000R\000e\000d\000i\000s}{}% 18
\BOOKMARK [1][-]{section.4.1}{\376\377\000D\000a\000t\000a\000\040\000M\000a\000n\000i\000p\000u\000l\000a\000t\000i\000o\000n\000\040\000L\000a\000n\000g\000u\000a\000g\000e}{chapter.4}% 19
\BOOKMARK [2][-]{subsection.4.1.1}{\376\377\000C\000o\000m\000a\000n\000d\000i\000\040\000d\000i\000\040\000M\000o\000d\000i\000f\000i\000c\000a}{section.4.1}% 20
\BOOKMARK [2][-]{subsection.4.1.2}{\376\377\000C\000o\000m\000a\000n\000d\000i\000\040\000d\000i\000\040\000Q\000u\000e\000r\000y}{section.4.1}% 21
\BOOKMARK [1][-]{section.4.2}{\376\377\000S\000t\000o\000r\000e\000\040\000p\000r\000o\000c\000e\000d\000u\000r\000e}{chapter.4}% 22
\BOOKMARK [0][-]{chapter.5}{\376\377\000C\000a\000s\000o\000\040\000C\000o\000n\000c\000r\000e\000t\000o\000\040\000-\000\040\000I\000o\000T\000\040\000s\000e\000n\000s\000o\000r\000e\000\040\000T\000e\000m\000p\000e\000r\000a\000t\000u\000r\000a}{}% 23
\BOOKMARK [1][-]{section.5.1}{\376\377\000S\000c\000e\000l\000t\000e\000\040\000d\000i\000\040\000p\000r\000o\000g\000e\000t\000t\000o}{chapter.5}% 24
\BOOKMARK [1][-]{section.5.2}{\376\377\000A\000r\000d\000u\000i\000n\000o\000\040\000e\000\040\000D\000H\000T\0001\0001}{chapter.5}% 25
\BOOKMARK [2][-]{subsection.5.2.1}{\376\377\000C\000o\000n\000n\000e\000s\000s\000i\000o\000n\000e\000\040\000c\000o\000n\000\040\000R\000e\000d\000i\000s}{section.5.2}% 26
\BOOKMARK [2][-]{subsection.5.2.2}{\376\377\000N\000T\000P}{section.5.2}% 27
\BOOKMARK [2][-]{subsection.5.2.3}{\376\377\000I\000n\000v\000i\000o\000\040\000d\000a\000t\000a\000S\000e\000t}{section.5.2}% 28
\BOOKMARK [1][-]{section.5.3}{\376\377\000J\000a\000v\000a}{chapter.5}% 29
\BOOKMARK [2][-]{subsection.5.3.1}{\376\377\000J\000e\000d\000i\000s\000\040\000e\000\040\000R\000e\000d\000i\000s\000T\000i\000m\000e\000S\000e\000r\000i\000e\000s}{section.5.3}% 30
\BOOKMARK [2][-]{subsection.5.3.2}{\376\377\000D\000a\000t\000a\000S\000e\000t\000\040\000R\000e\000a\000l\000T\000i\000m\000e}{section.5.3}% 31
\BOOKMARK [0][-]{chapter*.18}{\376\377\000B\000i\000b\000l\000i\000o\000g\000r\000a\000f\000i\000a}{}% 32
